[ 60%] [32mBuilding CXX object CMakeFiles/drive_parameters_multiplexer.dir/src/drive_parameters_multiplexer.cpp.o[0m
[ 60%] [32mBuilding CXX object CMakeFiles/drive_parameters_multiplexer.dir/src/drive_parameters_source.cpp.o[0m
[ 60%] [32mBuilding CXX object CMakeFiles/car_controller.dir/src/car_controller.cpp.o[0m
[01m[K/home/erk/f1tenth-t3/ros2_ws/src/car_control/src/car_controller.cpp:[m[K In constructor â€˜[01m[KCarController::CarController()[m[Kâ€™:
[01m[K/home/erk/f1tenth-t3/ros2_ws/src/car_control/src/car_controller.cpp:19:9:[m[K [01;31m[Kerror: [m[Kâ€˜[01m[KTOPIC_DRIVE_PARAM[m[Kâ€™ was not declared in this scope; did you mean â€˜[01m[KTOPIC_DRIVE_MODE[m[Kâ€™?
   19 |         [01;31m[KTOPIC_DRIVE_PARAM[m[K,
      |         [01;31m[K^~~~~~~~~~~~~~~~~[m[K
      |         [32m[KTOPIC_DRIVE_MODE[m[K
gmake[2]: *** [CMakeFiles/car_controller.dir/build.make:76: CMakeFiles/car_controller.dir/src/car_controller.cpp.o] Error 1
gmake[1]: *** [CMakeFiles/Makefile2:165: CMakeFiles/car_controller.dir/all] Error 2
gmake[1]: *** Waiting for unfinished jobs....
[ 80%] [32m[1mLinking CXX executable drive_parameters_multiplexer[0m
[ 80%] Built target drive_parameters_multiplexer
gmake: *** [Makefile:146: all] Error 2
