[0.007s] Invoking command in '/home/erk/f1tenth-t3/ros2_ws/build/car_control': CMAKE_PREFIX_PATH=/home/erk/f1tenth-t3/ros2_ws/install/drive_msgs LD_LIBRARY_PATH=/home/erk/f1tenth-t3/ros2_ws/install/drive_msgs/lib:${LD_LIBRARY_PATH} PKG_CONFIG_PATH=/home/erk/f1tenth-t3/ros2_ws/install/drive_msgs/lib/x86_64-linux-gnu/pkgconfig:/home/erk/f1tenth-t3/ros2_ws/install/drive_msgs/lib/pkgconfig PYTHONPATH=/home/erk/f1tenth-t3/ros2_ws/install/drive_msgs/local/lib/python3.10/dist-packages:${PYTHONPATH} ROS_PACKAGE_PATH=/home/erk/f1tenth-t3/ros2_ws/install/drive_msgs/share /usr/bin/cmake --build /home/erk/f1tenth-t3/ros2_ws/build/car_control -- -j12 -l12
[0.041s] [ 60%] [32mBuilding CXX object CMakeFiles/drive_parameters_multiplexer.dir/src/drive_parameters_multiplexer.cpp.o[0m
[0.041s] [ 60%] [32mBuilding CXX object CMakeFiles/drive_parameters_multiplexer.dir/src/drive_parameters_source.cpp.o[0m
[0.041s] [ 60%] [32mBuilding CXX object CMakeFiles/car_controller.dir/src/car_controller.cpp.o[0m
[1.868s] [01m[K/home/erk/f1tenth-t3/ros2_ws/src/car_control/src/car_controller.cpp:[m[K In constructor â€˜[01m[KCarController::CarController()[m[Kâ€™:
[1.868s] [01m[K/home/erk/f1tenth-t3/ros2_ws/src/car_control/src/car_controller.cpp:19:9:[m[K [01;31m[Kerror: [m[Kâ€˜[01m[KTOPIC_DRIVE_PARAM[m[Kâ€™ was not declared in this scope; did you mean â€˜[01m[KTOPIC_DRIVE_MODE[m[Kâ€™?
[1.868s]    19 |         [01;31m[KTOPIC_DRIVE_PARAM[m[K,
[1.868s]       |         [01;31m[K^~~~~~~~~~~~~~~~~[m[K
[1.868s]       |         [32m[KTOPIC_DRIVE_MODE[m[K
[4.325s] gmake[2]: *** [CMakeFiles/car_controller.dir/build.make:76: CMakeFiles/car_controller.dir/src/car_controller.cpp.o] Error 1
[4.325s] gmake[1]: *** [CMakeFiles/Makefile2:165: CMakeFiles/car_controller.dir/all] Error 2
[4.325s] gmake[1]: *** Waiting for unfinished jobs....
[6.067s] [ 80%] [32m[1mLinking CXX executable drive_parameters_multiplexer[0m
[6.476s] [ 80%] Built target drive_parameters_multiplexer
[6.477s] gmake: *** [Makefile:146: all] Error 2
[6.479s] Invoked command in '/home/erk/f1tenth-t3/ros2_ws/build/car_control' returned '2': CMAKE_PREFIX_PATH=/home/erk/f1tenth-t3/ros2_ws/install/drive_msgs LD_LIBRARY_PATH=/home/erk/f1tenth-t3/ros2_ws/install/drive_msgs/lib:${LD_LIBRARY_PATH} PKG_CONFIG_PATH=/home/erk/f1tenth-t3/ros2_ws/install/drive_msgs/lib/x86_64-linux-gnu/pkgconfig:/home/erk/f1tenth-t3/ros2_ws/install/drive_msgs/lib/pkgconfig PYTHONPATH=/home/erk/f1tenth-t3/ros2_ws/install/drive_msgs/local/lib/python3.10/dist-packages:${PYTHONPATH} ROS_PACKAGE_PATH=/home/erk/f1tenth-t3/ros2_ws/install/drive_msgs/share /usr/bin/cmake --build /home/erk/f1tenth-t3/ros2_ws/build/car_control -- -j12 -l12
