[0.000000] (-) TimerEvent: {}
[0.000208] (drive_msgs) JobQueued: {'identifier': 'drive_msgs', 'dependencies': OrderedDict()}
[0.000285] (car_control) JobQueued: {'identifier': 'car_control', 'dependencies': OrderedDict([('drive_msgs', '/home/erk/f1tenth-t3/ros2_ws/install/drive_msgs')])}
[0.000302] (wallfollowing2) JobQueued: {'identifier': 'wallfollowing2', 'dependencies': OrderedDict([('drive_msgs', '/home/erk/f1tenth-t3/ros2_ws/install/drive_msgs')])}
[0.000316] (racer_bringup) JobQueued: {'identifier': 'racer_bringup', 'dependencies': OrderedDict([('drive_msgs', '/home/erk/f1tenth-t3/ros2_ws/install/drive_msgs'), ('car_control', '/home/erk/f1tenth-t3/ros2_ws/install/car_control'), ('wallfollowing2', '/home/erk/f1tenth-t3/ros2_ws/install/wallfollowing2')])}
[0.000333] (drive_msgs) JobStarted: {'identifier': 'drive_msgs'}
[0.004750] (drive_msgs) JobProgress: {'identifier': 'drive_msgs', 'progress': 'cmake'}
[0.005136] (drive_msgs) JobProgress: {'identifier': 'drive_msgs', 'progress': 'build'}
[0.005559] (drive_msgs) Command: {'cmd': ['/usr/bin/cmake', '--build', '/home/erk/f1tenth-t3/ros2_ws/build/drive_msgs', '--', '-j12', '-l12'], 'cwd': '/home/erk/f1tenth-t3/ros2_ws/build/drive_msgs', 'env': OrderedDict([('GJS_DEBUG_TOPICS', 'JS ERROR;JS LOG'), ('PYTHON_BASIC_REPL', '1'), ('USER', 'erk'), ('XDG_SESSION_TYPE', 'wayland'), ('GIT_ASKPASS', '/usr/share/code/resources/app/extensions/git/dist/askpass.sh'), ('SHLVL', '1'), ('LD_LIBRARY_PATH', '/opt/ros/humble/opt/rviz_ogre_vendor/lib:/opt/ros/humble/lib/x86_64-linux-gnu:/opt/ros/humble/lib'), ('HOME', '/home/erk'), ('OLDPWD', '/home/erk/f1tenth-t3/ros2_ws/src'), ('CHROME_DESKTOP', 'code.desktop'), ('DESKTOP_SESSION', 'ubuntu'), ('TERM_PROGRAM_VERSION', '1.108.2'), ('GIO_LAUNCHED_DESKTOP_FILE', '/usr/share/applications/code.desktop'), ('GTK_MODULES', 'gail:atk-bridge'), ('GNOME_SHELL_SESSION_MODE', 'ubuntu'), ('ROS_PYTHON_VERSION', '3'), ('VSCODE_GIT_ASKPASS_MAIN', '/usr/share/code/resources/app/extensions/git/dist/askpass-main.js'), ('MANAGERPID', '1719'), ('VSCODE_GIT_ASKPASS_NODE', '/usr/share/code/code'), ('SYSTEMD_EXEC_PID', '1877'), ('DBUS_SESSION_BUS_ADDRESS', 'unix:path=/run/user/1000/bus'), ('GIO_LAUNCHED_DESKTOP_FILE_PID', '2361'), ('COLORTERM', 'truecolor'), ('WAYLAND_DISPLAY', 'wayland-0'), ('ROS_DISTRO', 'humble'), ('LOGNAME', 'erk'), ('_', '/usr/bin/colcon'), ('JOURNAL_STREAM', '8:9095'), ('XDG_SESSION_CLASS', 'user'), ('ROS_VERSION', '2'), ('USERNAME', 'erk'), ('TERM', 'xterm-256color'), ('GNOME_DESKTOP_SESSION_ID', 'this-is-deprecated'), ('FC_FONTATIONS', '1'), ('ROS_LOCALHOST_ONLY', '0'), ('PATH', '/home/erk/.config/Code/User/globalStorage/github.copilot-chat/debugCommand:/home/erk/.config/Code/User/globalStorage/github.copilot-chat/copilotCli:/opt/ros/humble/bin:/usr/local/sbin:/usr/local/bin:/usr/sbin:/usr/bin:/sbin:/bin:/usr/games:/usr/local/games:/snap/bin:/snap/bin'), ('SESSION_MANAGER', 'local/erk-MS-7B48:@/tmp/.ICE-unix/1847,unix/erk-MS-7B48:/tmp/.ICE-unix/1847'), ('INVOCATION_ID', 'f1b9c46615314e2888acd9854756d9b8'), ('XDG_RUNTIME_DIR', '/run/user/1000'), ('XDG_MENU_PREFIX', 'gnome-'), ('GNOME_SETUP_DISPLAY', ':1'), ('GDK_BACKEND', 'wayland'), ('DISPLAY', ':0'), ('LANG', 'en_US.UTF-8'), ('XDG_CURRENT_DESKTOP', 'ubuntu:GNOME'), ('PYTHONSTARTUP', '/home/erk/.config/Code/User/workspaceStorage/87fcc16e888c6779676760a81974a69f/ms-python.python/pythonrc.py'), ('XDG_SESSION_DESKTOP', 'ubuntu'), ('XMODIFIERS', '@im=ibus'), ('XAUTHORITY', '/run/user/1000/.mutter-Xwaylandauth.2252J3'), ('TERM_PROGRAM', 'vscode'), ('VSCODE_GIT_IPC_HANDLE', '/run/user/1000/vscode-git-e10640947c.sock'), ('SSH_AGENT_LAUNCHER', 'gnome-keyring'), ('SSH_AUTH_SOCK', '/run/user/1000/keyring/ssh'), ('AMENT_PREFIX_PATH', '/opt/ros/humble'), ('SHELL', '/usr/bin/zsh'), ('QT_ACCESSIBILITY', '1'), ('GDMSESSION', 'ubuntu'), ('GJS_DEBUG_OUTPUT', 'stderr'), ('QT_IM_MODULE', 'ibus'), ('VSCODE_GIT_ASKPASS_EXTRA_ARGS', ''), ('VSCODE_NONCE', 'f794760c-c270-4d37-8b9e-e1b2e67b7cca'), ('PWD', '/home/erk/f1tenth-t3/ros2_ws/build/drive_msgs'), ('XDG_DATA_DIRS', '/usr/local/share/:/usr/share/:/var/lib/snapd/desktop'), ('PYTHONPATH', '/opt/ros/humble/lib/python3.10/site-packages:/opt/ros/humble/local/lib/python3.10/dist-packages'), ('COLCON', '1')]), 'shell': False}
[0.032633] (drive_msgs) StdoutLine: {'line': b'\x1b[35m\x1b[1mConsolidate compiler generated dependencies of target drive_msgs__rosidl_generator_c\x1b[0m\n'}
[0.039182] (drive_msgs) StdoutLine: {'line': b'[  3%] Built target drive_msgs__cpp\n'}
[0.039669] (drive_msgs) StdoutLine: {'line': b'[ 12%] Built target drive_msgs__rosidl_generator_c\n'}
[0.045850] (drive_msgs) StdoutLine: {'line': b'[ 12%] Built target ament_cmake_python_copy_drive_msgs\n'}
[0.047104] (drive_msgs) StdoutLine: {'line': b'\x1b[35m\x1b[1mConsolidate compiler generated dependencies of target drive_msgs__rosidl_typesupport_introspection_c\x1b[0m\n'}
[0.047646] (drive_msgs) StdoutLine: {'line': b'\x1b[35m\x1b[1mConsolidate compiler generated dependencies of target drive_msgs__rosidl_typesupport_fastrtps_c\x1b[0m\n'}
[0.047743] (drive_msgs) StdoutLine: {'line': b'\x1b[35m\x1b[1mConsolidate compiler generated dependencies of target drive_msgs__rosidl_typesupport_c\x1b[0m\n'}
[0.047824] (drive_msgs) StdoutLine: {'line': b'\x1b[35m\x1b[1mConsolidate compiler generated dependencies of target drive_msgs__rosidl_typesupport_introspection_cpp\x1b[0m\n'}
[0.048066] (drive_msgs) StdoutLine: {'line': b'\x1b[35m\x1b[1mConsolidate compiler generated dependencies of target drive_msgs__rosidl_typesupport_cpp\x1b[0m\n'}
[0.048201] (drive_msgs) StdoutLine: {'line': b'\x1b[35m\x1b[1mConsolidate compiler generated dependencies of target drive_msgs__rosidl_typesupport_fastrtps_cpp\x1b[0m\n'}
[0.055327] (drive_msgs) StdoutLine: {'line': b'[ 32%] Built target drive_msgs__rosidl_typesupport_c\n'}
[0.055515] (drive_msgs) StdoutLine: {'line': b'[ 32%] Built target drive_msgs__rosidl_typesupport_introspection_c\n'}
[0.057156] (drive_msgs) StdoutLine: {'line': b'[ 41%] Built target drive_msgs__rosidl_typesupport_fastrtps_c\n'}
[0.057397] (drive_msgs) StdoutLine: {'line': b'[ 51%] Built target drive_msgs__rosidl_typesupport_introspection_cpp\n'}
[0.059245] (drive_msgs) StdoutLine: {'line': b'[ 61%] Built target drive_msgs__rosidl_typesupport_fastrtps_cpp\n'}
[0.059562] (drive_msgs) StdoutLine: {'line': b'[ 70%] Built target drive_msgs__rosidl_typesupport_cpp\n'}
[0.072786] (drive_msgs) StdoutLine: {'line': b'[ 70%] Built target drive_msgs\n'}
[0.086185] (drive_msgs) StdoutLine: {'line': b'[ 74%] Built target drive_msgs__py\n'}
[0.092842] (drive_msgs) StdoutLine: {'line': b'\x1b[35m\x1b[1mConsolidate compiler generated dependencies of target drive_msgs__rosidl_generator_py\x1b[0m\n'}
[0.099648] (-) TimerEvent: {}
[0.101465] (drive_msgs) StdoutLine: {'line': b'[ 80%] Built target drive_msgs__rosidl_generator_py\n'}
[0.108489] (drive_msgs) StdoutLine: {'line': b'\x1b[35m\x1b[1mConsolidate compiler generated dependencies of target drive_msgs__rosidl_typesupport_fastrtps_c__pyext\x1b[0m\n'}
[0.108801] (drive_msgs) StdoutLine: {'line': b'\x1b[35m\x1b[1mConsolidate compiler generated dependencies of target drive_msgs__rosidl_typesupport_introspection_c__pyext\x1b[0m\n'}
[0.109517] (drive_msgs) StdoutLine: {'line': b'\x1b[35m\x1b[1mConsolidate compiler generated dependencies of target drive_msgs__rosidl_typesupport_c__pyext\x1b[0m\n'}
[0.117455] (drive_msgs) StdoutLine: {'line': b'[ 87%] Built target drive_msgs__rosidl_typesupport_fastrtps_c__pyext\n'}
[0.117628] (drive_msgs) StdoutLine: {'line': b'[ 93%] Built target drive_msgs__rosidl_typesupport_introspection_c__pyext\n'}
[0.118076] (drive_msgs) StdoutLine: {'line': b'[100%] Built target drive_msgs__rosidl_typesupport_c__pyext\n'}
[0.199747] (-) TimerEvent: {}
[0.224976] (drive_msgs) StdoutLine: {'line': b'running egg_info\n'}
[0.225391] (drive_msgs) StdoutLine: {'line': b'writing drive_msgs.egg-info/PKG-INFO\n'}
[0.225510] (drive_msgs) StdoutLine: {'line': b'writing dependency_links to drive_msgs.egg-info/dependency_links.txt\n'}
[0.225625] (drive_msgs) StdoutLine: {'line': b'writing top-level names to drive_msgs.egg-info/top_level.txt\n'}
[0.226937] (drive_msgs) StdoutLine: {'line': b"reading manifest file 'drive_msgs.egg-info/SOURCES.txt'\n"}
[0.227337] (drive_msgs) StdoutLine: {'line': b"writing manifest file 'drive_msgs.egg-info/SOURCES.txt'\n"}
[0.244018] (drive_msgs) StdoutLine: {'line': b'[100%] Built target ament_cmake_python_build_drive_msgs_egg\n'}
[0.251577] (drive_msgs) CommandEnded: {'returncode': 0}
[0.252390] (drive_msgs) JobProgress: {'identifier': 'drive_msgs', 'progress': 'install'}
[0.258556] (drive_msgs) Command: {'cmd': ['/usr/bin/cmake', '--install', '/home/erk/f1tenth-t3/ros2_ws/build/drive_msgs'], 'cwd': '/home/erk/f1tenth-t3/ros2_ws/build/drive_msgs', 'env': OrderedDict([('GJS_DEBUG_TOPICS', 'JS ERROR;JS LOG'), ('PYTHON_BASIC_REPL', '1'), ('USER', 'erk'), ('XDG_SESSION_TYPE', 'wayland'), ('GIT_ASKPASS', '/usr/share/code/resources/app/extensions/git/dist/askpass.sh'), ('SHLVL', '1'), ('LD_LIBRARY_PATH', '/opt/ros/humble/opt/rviz_ogre_vendor/lib:/opt/ros/humble/lib/x86_64-linux-gnu:/opt/ros/humble/lib'), ('HOME', '/home/erk'), ('OLDPWD', '/home/erk/f1tenth-t3/ros2_ws/src'), ('CHROME_DESKTOP', 'code.desktop'), ('DESKTOP_SESSION', 'ubuntu'), ('TERM_PROGRAM_VERSION', '1.108.2'), ('GIO_LAUNCHED_DESKTOP_FILE', '/usr/share/applications/code.desktop'), ('GTK_MODULES', 'gail:atk-bridge'), ('GNOME_SHELL_SESSION_MODE', 'ubuntu'), ('ROS_PYTHON_VERSION', '3'), ('VSCODE_GIT_ASKPASS_MAIN', '/usr/share/code/resources/app/extensions/git/dist/askpass-main.js'), ('MANAGERPID', '1719'), ('VSCODE_GIT_ASKPASS_NODE', '/usr/share/code/code'), ('SYSTEMD_EXEC_PID', '1877'), ('DBUS_SESSION_BUS_ADDRESS', 'unix:path=/run/user/1000/bus'), ('GIO_LAUNCHED_DESKTOP_FILE_PID', '2361'), ('COLORTERM', 'truecolor'), ('WAYLAND_DISPLAY', 'wayland-0'), ('ROS_DISTRO', 'humble'), ('LOGNAME', 'erk'), ('_', '/usr/bin/colcon'), ('JOURNAL_STREAM', '8:9095'), ('XDG_SESSION_CLASS', 'user'), ('ROS_VERSION', '2'), ('USERNAME', 'erk'), ('TERM', 'xterm-256color'), ('GNOME_DESKTOP_SESSION_ID', 'this-is-deprecated'), ('FC_FONTATIONS', '1'), ('ROS_LOCALHOST_ONLY', '0'), ('PATH', '/home/erk/.config/Code/User/globalStorage/github.copilot-chat/debugCommand:/home/erk/.config/Code/User/globalStorage/github.copilot-chat/copilotCli:/opt/ros/humble/bin:/usr/local/sbin:/usr/local/bin:/usr/sbin:/usr/bin:/sbin:/bin:/usr/games:/usr/local/games:/snap/bin:/snap/bin'), ('SESSION_MANAGER', 'local/erk-MS-7B48:@/tmp/.ICE-unix/1847,unix/erk-MS-7B48:/tmp/.ICE-unix/1847'), ('INVOCATION_ID', 'f1b9c46615314e2888acd9854756d9b8'), ('XDG_RUNTIME_DIR', '/run/user/1000'), ('XDG_MENU_PREFIX', 'gnome-'), ('GNOME_SETUP_DISPLAY', ':1'), ('GDK_BACKEND', 'wayland'), ('DISPLAY', ':0'), ('LANG', 'en_US.UTF-8'), ('XDG_CURRENT_DESKTOP', 'ubuntu:GNOME'), ('PYTHONSTARTUP', '/home/erk/.config/Code/User/workspaceStorage/87fcc16e888c6779676760a81974a69f/ms-python.python/pythonrc.py'), ('XDG_SESSION_DESKTOP', 'ubuntu'), ('XMODIFIERS', '@im=ibus'), ('XAUTHORITY', '/run/user/1000/.mutter-Xwaylandauth.2252J3'), ('TERM_PROGRAM', 'vscode'), ('VSCODE_GIT_IPC_HANDLE', '/run/user/1000/vscode-git-e10640947c.sock'), ('SSH_AGENT_LAUNCHER', 'gnome-keyring'), ('SSH_AUTH_SOCK', '/run/user/1000/keyring/ssh'), ('AMENT_PREFIX_PATH', '/opt/ros/humble'), ('SHELL', '/usr/bin/zsh'), ('QT_ACCESSIBILITY', '1'), ('GDMSESSION', 'ubuntu'), ('GJS_DEBUG_OUTPUT', 'stderr'), ('QT_IM_MODULE', 'ibus'), ('VSCODE_GIT_ASKPASS_EXTRA_ARGS', ''), ('VSCODE_NONCE', 'f794760c-c270-4d37-8b9e-e1b2e67b7cca'), ('PWD', '/home/erk/f1tenth-t3/ros2_ws/build/drive_msgs'), ('XDG_DATA_DIRS', '/usr/local/share/:/usr/share/:/var/lib/snapd/desktop'), ('PYTHONPATH', '/opt/ros/humble/lib/python3.10/site-packages:/opt/ros/humble/local/lib/python3.10/dist-packages'), ('COLCON', '1')]), 'shell': False}
[0.263530] (drive_msgs) StdoutLine: {'line': b'-- Install configuration: ""\n'}
[0.263666] (drive_msgs) StdoutLine: {'line': b'-- Up-to-date: /home/erk/f1tenth-t3/ros2_ws/install/drive_msgs/share/ament_index/resource_index/rosidl_interfaces/drive_msgs\n'}
[0.263750] (drive_msgs) StdoutLine: {'line': b'-- Up-to-date: /home/erk/f1tenth-t3/ros2_ws/install/drive_msgs/include/drive_msgs/drive_msgs\n'}
[0.263847] (drive_msgs) StdoutLine: {'line': b'-- Up-to-date: /home/erk/f1tenth-t3/ros2_ws/install/drive_msgs/include/drive_msgs/drive_msgs/msg\n'}
[0.263969] (drive_msgs) StdoutLine: {'line': b'-- Up-to-date: /home/erk/f1tenth-t3/ros2_ws/install/drive_msgs/include/drive_msgs/drive_msgs/msg/drive_param.h\n'}
[0.264044] (drive_msgs) StdoutLine: {'line': b'-- Up-to-date: /home/erk/f1tenth-t3/ros2_ws/install/drive_msgs/include/drive_msgs/drive_msgs/msg/rosidl_generator_c__visibility_control.h\n'}
[0.264127] (drive_msgs) StdoutLine: {'line': b'-- Up-to-date: /home/erk/f1tenth-t3/ros2_ws/install/drive_msgs/include/drive_msgs/drive_msgs/msg/detail\n'}
[0.264235] (drive_msgs) StdoutLine: {'line': b'-- Up-to-date: /home/erk/f1tenth-t3/ros2_ws/install/drive_msgs/include/drive_msgs/drive_msgs/msg/detail/drive_param__struct.h\n'}
[0.264305] (drive_msgs) StdoutLine: {'line': b'-- Up-to-date: /home/erk/f1tenth-t3/ros2_ws/install/drive_msgs/include/drive_msgs/drive_msgs/msg/detail/drive_param__functions.h\n'}
[0.264391] (drive_msgs) StdoutLine: {'line': b'-- Up-to-date: /home/erk/f1tenth-t3/ros2_ws/install/drive_msgs/include/drive_msgs/drive_msgs/msg/detail/drive_param__type_support.h\n'}
[0.264461] (drive_msgs) StdoutLine: {'line': b'-- Up-to-date: /home/erk/f1tenth-t3/ros2_ws/install/drive_msgs/include/drive_msgs/drive_msgs/msg/detail/drive_param__functions.c\n'}
[0.264557] (drive_msgs) StdoutLine: {'line': b'-- Up-to-date: /home/erk/f1tenth-t3/ros2_ws/install/drive_msgs/share/drive_msgs/environment/library_path.sh\n'}
[0.264652] (drive_msgs) StdoutLine: {'line': b'-- Up-to-date: /home/erk/f1tenth-t3/ros2_ws/install/drive_msgs/share/drive_msgs/environment/library_path.dsv\n'}
[0.264722] (drive_msgs) StdoutLine: {'line': b'-- Up-to-date: /home/erk/f1tenth-t3/ros2_ws/install/drive_msgs/lib/libdrive_msgs__rosidl_generator_c.so\n'}
[0.264803] (drive_msgs) StdoutLine: {'line': b'-- Up-to-date: /home/erk/f1tenth-t3/ros2_ws/install/drive_msgs/include/drive_msgs/drive_msgs\n'}
[0.264871] (drive_msgs) StdoutLine: {'line': b'-- Up-to-date: /home/erk/f1tenth-t3/ros2_ws/install/drive_msgs/include/drive_msgs/drive_msgs/msg\n'}
[0.264968] (drive_msgs) StdoutLine: {'line': b'-- Up-to-date: /home/erk/f1tenth-t3/ros2_ws/install/drive_msgs/include/drive_msgs/drive_msgs/msg/rosidl_typesupport_fastrtps_c__visibility_control.h\n'}
[0.265040] (drive_msgs) StdoutLine: {'line': b'-- Up-to-date: /home/erk/f1tenth-t3/ros2_ws/install/drive_msgs/include/drive_msgs/drive_msgs/msg/detail\n'}
[0.265142] (drive_msgs) StdoutLine: {'line': b'-- Up-to-date: /home/erk/f1tenth-t3/ros2_ws/install/drive_msgs/include/drive_msgs/drive_msgs/msg/detail/drive_param__rosidl_typesupport_fastrtps_c.h\n'}
[0.265273] (drive_msgs) StdoutLine: {'line': b'-- Up-to-date: /home/erk/f1tenth-t3/ros2_ws/install/drive_msgs/lib/libdrive_msgs__rosidl_typesupport_fastrtps_c.so\n'}
[0.265391] (drive_msgs) StdoutLine: {'line': b'-- Up-to-date: /home/erk/f1tenth-t3/ros2_ws/install/drive_msgs/include/drive_msgs/drive_msgs\n'}
[0.265460] (drive_msgs) StdoutLine: {'line': b'-- Up-to-date: /home/erk/f1tenth-t3/ros2_ws/install/drive_msgs/include/drive_msgs/drive_msgs/msg\n'}
[0.265538] (drive_msgs) StdoutLine: {'line': b'-- Up-to-date: /home/erk/f1tenth-t3/ros2_ws/install/drive_msgs/include/drive_msgs/drive_msgs/msg/rosidl_typesupport_introspection_c__visibility_control.h\n'}
[0.265607] (drive_msgs) StdoutLine: {'line': b'-- Up-to-date: /home/erk/f1tenth-t3/ros2_ws/install/drive_msgs/include/drive_msgs/drive_msgs/msg/detail\n'}
[0.265712] (drive_msgs) StdoutLine: {'line': b'-- Up-to-date: /home/erk/f1tenth-t3/ros2_ws/install/drive_msgs/include/drive_msgs/drive_msgs/msg/detail/drive_param__type_support.c\n'}
[0.265798] (drive_msgs) StdoutLine: {'line': b'-- Up-to-date: /home/erk/f1tenth-t3/ros2_ws/install/drive_msgs/include/drive_msgs/drive_msgs/msg/detail/drive_param__rosidl_typesupport_introspection_c.h\n'}
[0.265869] (drive_msgs) StdoutLine: {'line': b'-- Up-to-date: /home/erk/f1tenth-t3/ros2_ws/install/drive_msgs/lib/libdrive_msgs__rosidl_typesupport_introspection_c.so\n'}
[0.265959] (drive_msgs) StdoutLine: {'line': b'-- Up-to-date: /home/erk/f1tenth-t3/ros2_ws/install/drive_msgs/lib/libdrive_msgs__rosidl_typesupport_c.so\n'}
[0.266031] (drive_msgs) StdoutLine: {'line': b'-- Up-to-date: /home/erk/f1tenth-t3/ros2_ws/install/drive_msgs/include/drive_msgs/drive_msgs\n'}
[0.266101] (drive_msgs) StdoutLine: {'line': b'-- Up-to-date: /home/erk/f1tenth-t3/ros2_ws/install/drive_msgs/include/drive_msgs/drive_msgs/msg\n'}
[0.266173] (drive_msgs) StdoutLine: {'line': b'-- Up-to-date: /home/erk/f1tenth-t3/ros2_ws/install/drive_msgs/include/drive_msgs/drive_msgs/msg/detail\n'}
[0.266259] (drive_msgs) StdoutLine: {'line': b'-- Up-to-date: /home/erk/f1tenth-t3/ros2_ws/install/drive_msgs/include/drive_msgs/drive_msgs/msg/detail/drive_param__type_support.hpp\n'}
[0.266362] (drive_msgs) StdoutLine: {'line': b'-- Up-to-date: /home/erk/f1tenth-t3/ros2_ws/install/drive_msgs/include/drive_msgs/drive_msgs/msg/detail/drive_param__builder.hpp\n'}
[0.266433] (drive_msgs) StdoutLine: {'line': b'-- Up-to-date: /home/erk/f1tenth-t3/ros2_ws/install/drive_msgs/include/drive_msgs/drive_msgs/msg/detail/drive_param__traits.hpp\n'}
[0.266515] (drive_msgs) StdoutLine: {'line': b'-- Up-to-date: /home/erk/f1tenth-t3/ros2_ws/install/drive_msgs/include/drive_msgs/drive_msgs/msg/detail/drive_param__struct.hpp\n'}
[0.266589] (drive_msgs) StdoutLine: {'line': b'-- Up-to-date: /home/erk/f1tenth-t3/ros2_ws/install/drive_msgs/include/drive_msgs/drive_msgs/msg/drive_param.hpp\n'}
[0.266674] (drive_msgs) StdoutLine: {'line': b'-- Up-to-date: /home/erk/f1tenth-t3/ros2_ws/install/drive_msgs/include/drive_msgs/drive_msgs/msg/rosidl_generator_cpp__visibility_control.hpp\n'}
[0.266771] (drive_msgs) StdoutLine: {'line': b'-- Up-to-date: /home/erk/f1tenth-t3/ros2_ws/install/drive_msgs/include/drive_msgs/drive_msgs\n'}
[0.266900] (drive_msgs) StdoutLine: {'line': b'-- Up-to-date: /home/erk/f1tenth-t3/ros2_ws/install/drive_msgs/include/drive_msgs/drive_msgs/msg\n'}
[0.267004] (drive_msgs) StdoutLine: {'line': b'-- Up-to-date: /home/erk/f1tenth-t3/ros2_ws/install/drive_msgs/include/drive_msgs/drive_msgs/msg/detail\n'}
[0.267072] (drive_msgs) StdoutLine: {'line': b'-- Up-to-date: /home/erk/f1tenth-t3/ros2_ws/install/drive_msgs/include/drive_msgs/drive_msgs/msg/detail/dds_fastrtps\n'}
[0.267143] (drive_msgs) StdoutLine: {'line': b'-- Up-to-date: /home/erk/f1tenth-t3/ros2_ws/install/drive_msgs/include/drive_msgs/drive_msgs/msg/detail/drive_param__rosidl_typesupport_fastrtps_cpp.hpp\n'}
[0.267212] (drive_msgs) StdoutLine: {'line': b'-- Up-to-date: /home/erk/f1tenth-t3/ros2_ws/install/drive_msgs/include/drive_msgs/drive_msgs/msg/rosidl_typesupport_fastrtps_cpp__visibility_control.h\n'}
[0.267281] (drive_msgs) StdoutLine: {'line': b'-- Up-to-date: /home/erk/f1tenth-t3/ros2_ws/install/drive_msgs/lib/libdrive_msgs__rosidl_typesupport_fastrtps_cpp.so\n'}
[0.267349] (drive_msgs) StdoutLine: {'line': b'-- Up-to-date: /home/erk/f1tenth-t3/ros2_ws/install/drive_msgs/include/drive_msgs/drive_msgs\n'}
[0.267417] (drive_msgs) StdoutLine: {'line': b'-- Up-to-date: /home/erk/f1tenth-t3/ros2_ws/install/drive_msgs/include/drive_msgs/drive_msgs/msg\n'}
[0.267484] (drive_msgs) StdoutLine: {'line': b'-- Up-to-date: /home/erk/f1tenth-t3/ros2_ws/install/drive_msgs/include/drive_msgs/drive_msgs/msg/detail\n'}
[0.267552] (drive_msgs) StdoutLine: {'line': b'-- Up-to-date: /home/erk/f1tenth-t3/ros2_ws/install/drive_msgs/include/drive_msgs/drive_msgs/msg/detail/drive_param__type_support.cpp\n'}
[0.267620] (drive_msgs) StdoutLine: {'line': b'-- Up-to-date: /home/erk/f1tenth-t3/ros2_ws/install/drive_msgs/include/drive_msgs/drive_msgs/msg/detail/drive_param__rosidl_typesupport_introspection_cpp.hpp\n'}
[0.267689] (drive_msgs) StdoutLine: {'line': b'-- Up-to-date: /home/erk/f1tenth-t3/ros2_ws/install/drive_msgs/lib/libdrive_msgs__rosidl_typesupport_introspection_cpp.so\n'}
[0.267757] (drive_msgs) StdoutLine: {'line': b'-- Up-to-date: /home/erk/f1tenth-t3/ros2_ws/install/drive_msgs/lib/libdrive_msgs__rosidl_typesupport_cpp.so\n'}
[0.267829] (drive_msgs) StdoutLine: {'line': b'-- Up-to-date: /home/erk/f1tenth-t3/ros2_ws/install/drive_msgs/share/drive_msgs/environment/pythonpath.sh\n'}
[0.267899] (drive_msgs) StdoutLine: {'line': b'-- Up-to-date: /home/erk/f1tenth-t3/ros2_ws/install/drive_msgs/share/drive_msgs/environment/pythonpath.dsv\n'}
[0.267979] (drive_msgs) StdoutLine: {'line': b'-- Up-to-date: /home/erk/f1tenth-t3/ros2_ws/install/drive_msgs/local/lib/python3.10/dist-packages/drive_msgs-0.1.0-py3.10.egg-info\n'}
[0.268048] (drive_msgs) StdoutLine: {'line': b'-- Installing: /home/erk/f1tenth-t3/ros2_ws/install/drive_msgs/local/lib/python3.10/dist-packages/drive_msgs-0.1.0-py3.10.egg-info/PKG-INFO\n'}
[0.268116] (drive_msgs) StdoutLine: {'line': b'-- Installing: /home/erk/f1tenth-t3/ros2_ws/install/drive_msgs/local/lib/python3.10/dist-packages/drive_msgs-0.1.0-py3.10.egg-info/SOURCES.txt\n'}
[0.268184] (drive_msgs) StdoutLine: {'line': b'-- Installing: /home/erk/f1tenth-t3/ros2_ws/install/drive_msgs/local/lib/python3.10/dist-packages/drive_msgs-0.1.0-py3.10.egg-info/top_level.txt\n'}
[0.268253] (drive_msgs) StdoutLine: {'line': b'-- Installing: /home/erk/f1tenth-t3/ros2_ws/install/drive_msgs/local/lib/python3.10/dist-packages/drive_msgs-0.1.0-py3.10.egg-info/dependency_links.txt\n'}
[0.268321] (drive_msgs) StdoutLine: {'line': b'-- Up-to-date: /home/erk/f1tenth-t3/ros2_ws/install/drive_msgs/local/lib/python3.10/dist-packages/drive_msgs\n'}
[0.268389] (drive_msgs) StdoutLine: {'line': b'-- Up-to-date: /home/erk/f1tenth-t3/ros2_ws/install/drive_msgs/local/lib/python3.10/dist-packages/drive_msgs/__init__.py\n'}
[0.268457] (drive_msgs) StdoutLine: {'line': b'-- Up-to-date: /home/erk/f1tenth-t3/ros2_ws/install/drive_msgs/local/lib/python3.10/dist-packages/drive_msgs/_drive_msgs_s.ep.rosidl_typesupport_introspection_c.c\n'}
[0.268525] (drive_msgs) StdoutLine: {'line': b'-- Up-to-date: /home/erk/f1tenth-t3/ros2_ws/install/drive_msgs/local/lib/python3.10/dist-packages/drive_msgs/drive_msgs_s__rosidl_typesupport_c.cpython-310-x86_64-linux-gnu.so\n'}
[0.268593] (drive_msgs) StdoutLine: {'line': b'-- Up-to-date: /home/erk/f1tenth-t3/ros2_ws/install/drive_msgs/local/lib/python3.10/dist-packages/drive_msgs/drive_msgs_s__rosidl_typesupport_fastrtps_c.cpython-310-x86_64-linux-gnu.so\n'}
[0.268662] (drive_msgs) StdoutLine: {'line': b'-- Up-to-date: /home/erk/f1tenth-t3/ros2_ws/install/drive_msgs/local/lib/python3.10/dist-packages/drive_msgs/msg\n'}
[0.268730] (drive_msgs) StdoutLine: {'line': b'-- Up-to-date: /home/erk/f1tenth-t3/ros2_ws/install/drive_msgs/local/lib/python3.10/dist-packages/drive_msgs/msg/__init__.py\n'}
[0.268798] (drive_msgs) StdoutLine: {'line': b'-- Up-to-date: /home/erk/f1tenth-t3/ros2_ws/install/drive_msgs/local/lib/python3.10/dist-packages/drive_msgs/msg/_drive_param.py\n'}
[0.268865] (drive_msgs) StdoutLine: {'line': b'-- Up-to-date: /home/erk/f1tenth-t3/ros2_ws/install/drive_msgs/local/lib/python3.10/dist-packages/drive_msgs/msg/_drive_param_s.c\n'}
[0.268944] (drive_msgs) StdoutLine: {'line': b'-- Up-to-date: /home/erk/f1tenth-t3/ros2_ws/install/drive_msgs/local/lib/python3.10/dist-packages/drive_msgs/_drive_msgs_s.ep.rosidl_typesupport_c.c\n'}
[0.269015] (drive_msgs) StdoutLine: {'line': b'-- Up-to-date: /home/erk/f1tenth-t3/ros2_ws/install/drive_msgs/local/lib/python3.10/dist-packages/drive_msgs/drive_msgs_s__rosidl_typesupport_introspection_c.cpython-310-x86_64-linux-gnu.so\n'}
[0.269083] (drive_msgs) StdoutLine: {'line': b'-- Up-to-date: /home/erk/f1tenth-t3/ros2_ws/install/drive_msgs/local/lib/python3.10/dist-packages/drive_msgs/libdrive_msgs__rosidl_generator_py.so\n'}
[0.269154] (drive_msgs) StdoutLine: {'line': b'-- Up-to-date: /home/erk/f1tenth-t3/ros2_ws/install/drive_msgs/local/lib/python3.10/dist-packages/drive_msgs/_drive_msgs_s.ep.rosidl_typesupport_fastrtps_c.c\n'}
[0.288302] (drive_msgs) StdoutLine: {'line': b"Listing '/home/erk/f1tenth-t3/ros2_ws/install/drive_msgs/local/lib/python3.10/dist-packages/drive_msgs'...\n"}
[0.288398] (drive_msgs) StdoutLine: {'line': b"Listing '/home/erk/f1tenth-t3/ros2_ws/install/drive_msgs/local/lib/python3.10/dist-packages/drive_msgs/msg'...\n"}
[0.291109] (drive_msgs) StdoutLine: {'line': b'-- Up-to-date: /home/erk/f1tenth-t3/ros2_ws/install/drive_msgs/local/lib/python3.10/dist-packages/drive_msgs/drive_msgs_s__rosidl_typesupport_fastrtps_c.cpython-310-x86_64-linux-gnu.so\n'}
[0.291359] (drive_msgs) StdoutLine: {'line': b'-- Up-to-date: /home/erk/f1tenth-t3/ros2_ws/install/drive_msgs/local/lib/python3.10/dist-packages/drive_msgs/drive_msgs_s__rosidl_typesupport_introspection_c.cpython-310-x86_64-linux-gnu.so\n'}
[0.291592] (drive_msgs) StdoutLine: {'line': b'-- Up-to-date: /home/erk/f1tenth-t3/ros2_ws/install/drive_msgs/local/lib/python3.10/dist-packages/drive_msgs/drive_msgs_s__rosidl_typesupport_c.cpython-310-x86_64-linux-gnu.so\n'}
[0.291805] (drive_msgs) StdoutLine: {'line': b'-- Up-to-date: /home/erk/f1tenth-t3/ros2_ws/install/drive_msgs/lib/libdrive_msgs__rosidl_generator_py.so\n'}
[0.291919] (drive_msgs) StdoutLine: {'line': b'-- Up-to-date: /home/erk/f1tenth-t3/ros2_ws/install/drive_msgs/share/drive_msgs/msg/DriveParam.idl\n'}
[0.292055] (drive_msgs) StdoutLine: {'line': b'-- Up-to-date: /home/erk/f1tenth-t3/ros2_ws/install/drive_msgs/share/drive_msgs/msg/DriveParam.msg\n'}
[0.292170] (drive_msgs) StdoutLine: {'line': b'-- Up-to-date: /home/erk/f1tenth-t3/ros2_ws/install/drive_msgs/share/ament_index/resource_index/package_run_dependencies/drive_msgs\n'}
[0.292296] (drive_msgs) StdoutLine: {'line': b'-- Up-to-date: /home/erk/f1tenth-t3/ros2_ws/install/drive_msgs/share/ament_index/resource_index/parent_prefix_path/drive_msgs\n'}
[0.292367] (drive_msgs) StdoutLine: {'line': b'-- Up-to-date: /home/erk/f1tenth-t3/ros2_ws/install/drive_msgs/share/drive_msgs/environment/ament_prefix_path.sh\n'}
[0.292452] (drive_msgs) StdoutLine: {'line': b'-- Up-to-date: /home/erk/f1tenth-t3/ros2_ws/install/drive_msgs/share/drive_msgs/environment/ament_prefix_path.dsv\n'}
[0.292546] (drive_msgs) StdoutLine: {'line': b'-- Up-to-date: /home/erk/f1tenth-t3/ros2_ws/install/drive_msgs/share/drive_msgs/environment/path.sh\n'}
[0.292641] (drive_msgs) StdoutLine: {'line': b'-- Up-to-date: /home/erk/f1tenth-t3/ros2_ws/install/drive_msgs/share/drive_msgs/environment/path.dsv\n'}
[0.292735] (drive_msgs) StdoutLine: {'line': b'-- Up-to-date: /home/erk/f1tenth-t3/ros2_ws/install/drive_msgs/share/drive_msgs/local_setup.bash\n'}
[0.292828] (drive_msgs) StdoutLine: {'line': b'-- Up-to-date: /home/erk/f1tenth-t3/ros2_ws/install/drive_msgs/share/drive_msgs/local_setup.sh\n'}
[0.292911] (drive_msgs) StdoutLine: {'line': b'-- Up-to-date: /home/erk/f1tenth-t3/ros2_ws/install/drive_msgs/share/drive_msgs/local_setup.zsh\n'}
[0.293022] (drive_msgs) StdoutLine: {'line': b'-- Up-to-date: /home/erk/f1tenth-t3/ros2_ws/install/drive_msgs/share/drive_msgs/local_setup.dsv\n'}
[0.293109] (drive_msgs) StdoutLine: {'line': b'-- Installing: /home/erk/f1tenth-t3/ros2_ws/install/drive_msgs/share/drive_msgs/package.dsv\n'}
[0.293208] (drive_msgs) StdoutLine: {'line': b'-- Up-to-date: /home/erk/f1tenth-t3/ros2_ws/install/drive_msgs/share/ament_index/resource_index/packages/drive_msgs\n'}
[0.293319] (drive_msgs) StdoutLine: {'line': b'-- Up-to-date: /home/erk/f1tenth-t3/ros2_ws/install/drive_msgs/share/drive_msgs/cmake/export_drive_msgs__rosidl_generator_cExport.cmake\n'}
[0.293432] (drive_msgs) StdoutLine: {'line': b'-- Up-to-date: /home/erk/f1tenth-t3/ros2_ws/install/drive_msgs/share/drive_msgs/cmake/export_drive_msgs__rosidl_generator_cExport-noconfig.cmake\n'}
[0.293524] (drive_msgs) StdoutLine: {'line': b'-- Up-to-date: /home/erk/f1tenth-t3/ros2_ws/install/drive_msgs/share/drive_msgs/cmake/export_drive_msgs__rosidl_typesupport_fastrtps_cExport.cmake\n'}
[0.293592] (drive_msgs) StdoutLine: {'line': b'-- Up-to-date: /home/erk/f1tenth-t3/ros2_ws/install/drive_msgs/share/drive_msgs/cmake/export_drive_msgs__rosidl_typesupport_fastrtps_cExport-noconfig.cmake\n'}
[0.293666] (drive_msgs) StdoutLine: {'line': b'-- Up-to-date: /home/erk/f1tenth-t3/ros2_ws/install/drive_msgs/share/drive_msgs/cmake/drive_msgs__rosidl_typesupport_introspection_cExport.cmake\n'}
[0.293735] (drive_msgs) StdoutLine: {'line': b'-- Up-to-date: /home/erk/f1tenth-t3/ros2_ws/install/drive_msgs/share/drive_msgs/cmake/drive_msgs__rosidl_typesupport_introspection_cExport-noconfig.cmake\n'}
[0.293807] (drive_msgs) StdoutLine: {'line': b'-- Up-to-date: /home/erk/f1tenth-t3/ros2_ws/install/drive_msgs/share/drive_msgs/cmake/drive_msgs__rosidl_typesupport_cExport.cmake\n'}
[0.293875] (drive_msgs) StdoutLine: {'line': b'-- Up-to-date: /home/erk/f1tenth-t3/ros2_ws/install/drive_msgs/share/drive_msgs/cmake/drive_msgs__rosidl_typesupport_cExport-noconfig.cmake\n'}
[0.293955] (drive_msgs) StdoutLine: {'line': b'-- Up-to-date: /home/erk/f1tenth-t3/ros2_ws/install/drive_msgs/share/drive_msgs/cmake/export_drive_msgs__rosidl_generator_cppExport.cmake\n'}
[0.294027] (drive_msgs) StdoutLine: {'line': b'-- Up-to-date: /home/erk/f1tenth-t3/ros2_ws/install/drive_msgs/share/drive_msgs/cmake/export_drive_msgs__rosidl_typesupport_fastrtps_cppExport.cmake\n'}
[0.294096] (drive_msgs) StdoutLine: {'line': b'-- Up-to-date: /home/erk/f1tenth-t3/ros2_ws/install/drive_msgs/share/drive_msgs/cmake/export_drive_msgs__rosidl_typesupport_fastrtps_cppExport-noconfig.cmake\n'}
[0.294164] (drive_msgs) StdoutLine: {'line': b'-- Up-to-date: /home/erk/f1tenth-t3/ros2_ws/install/drive_msgs/share/drive_msgs/cmake/drive_msgs__rosidl_typesupport_introspection_cppExport.cmake\n'}
[0.294232] (drive_msgs) StdoutLine: {'line': b'-- Up-to-date: /home/erk/f1tenth-t3/ros2_ws/install/drive_msgs/share/drive_msgs/cmake/drive_msgs__rosidl_typesupport_introspection_cppExport-noconfig.cmake\n'}
[0.294300] (drive_msgs) StdoutLine: {'line': b'-- Up-to-date: /home/erk/f1tenth-t3/ros2_ws/install/drive_msgs/share/drive_msgs/cmake/drive_msgs__rosidl_typesupport_cppExport.cmake\n'}
[0.294368] (drive_msgs) StdoutLine: {'line': b'-- Up-to-date: /home/erk/f1tenth-t3/ros2_ws/install/drive_msgs/share/drive_msgs/cmake/drive_msgs__rosidl_typesupport_cppExport-noconfig.cmake\n'}
[0.294436] (drive_msgs) StdoutLine: {'line': b'-- Up-to-date: /home/erk/f1tenth-t3/ros2_ws/install/drive_msgs/share/drive_msgs/cmake/export_drive_msgs__rosidl_generator_pyExport.cmake\n'}
[0.294504] (drive_msgs) StdoutLine: {'line': b'-- Up-to-date: /home/erk/f1tenth-t3/ros2_ws/install/drive_msgs/share/drive_msgs/cmake/export_drive_msgs__rosidl_generator_pyExport-noconfig.cmake\n'}
[0.294596] (drive_msgs) StdoutLine: {'line': b'-- Up-to-date: /home/erk/f1tenth-t3/ros2_ws/install/drive_msgs/share/drive_msgs/cmake/rosidl_cmake-extras.cmake\n'}
[0.294694] (drive_msgs) StdoutLine: {'line': b'-- Up-to-date: /home/erk/f1tenth-t3/ros2_ws/install/drive_msgs/share/drive_msgs/cmake/ament_cmake_export_include_directories-extras.cmake\n'}
[0.294780] (drive_msgs) StdoutLine: {'line': b'-- Up-to-date: /home/erk/f1tenth-t3/ros2_ws/install/drive_msgs/share/drive_msgs/cmake/ament_cmake_export_libraries-extras.cmake\n'}
[0.294864] (drive_msgs) StdoutLine: {'line': b'-- Up-to-date: /home/erk/f1tenth-t3/ros2_ws/install/drive_msgs/share/drive_msgs/cmake/ament_cmake_export_targets-extras.cmake\n'}
[0.295076] (drive_msgs) StdoutLine: {'line': b'-- Up-to-date: /home/erk/f1tenth-t3/ros2_ws/install/drive_msgs/share/drive_msgs/cmake/rosidl_cmake_export_typesupport_targets-extras.cmake\n'}
[0.295225] (drive_msgs) StdoutLine: {'line': b'-- Up-to-date: /home/erk/f1tenth-t3/ros2_ws/install/drive_msgs/share/drive_msgs/cmake/ament_cmake_export_dependencies-extras.cmake\n'}
[0.295497] (drive_msgs) StdoutLine: {'line': b'-- Up-to-date: /home/erk/f1tenth-t3/ros2_ws/install/drive_msgs/share/drive_msgs/cmake/rosidl_cmake_export_typesupport_libraries-extras.cmake\n'}
[0.295584] (drive_msgs) StdoutLine: {'line': b'-- Up-to-date: /home/erk/f1tenth-t3/ros2_ws/install/drive_msgs/share/drive_msgs/cmake/drive_msgsConfig.cmake\n'}
[0.295668] (drive_msgs) StdoutLine: {'line': b'-- Up-to-date: /home/erk/f1tenth-t3/ros2_ws/install/drive_msgs/share/drive_msgs/cmake/drive_msgsConfig-version.cmake\n'}
[0.295752] (drive_msgs) StdoutLine: {'line': b'-- Up-to-date: /home/erk/f1tenth-t3/ros2_ws/install/drive_msgs/share/drive_msgs/package.xml\n'}
[0.295961] (drive_msgs) CommandEnded: {'returncode': 0}
[0.299904] (-) TimerEvent: {}
[0.313066] (drive_msgs) JobEnded: {'identifier': 'drive_msgs', 'rc': 0}
[0.314172] (car_control) JobStarted: {'identifier': 'car_control'}
[0.316733] (wallfollowing2) JobStarted: {'identifier': 'wallfollowing2'}
[0.319692] (car_control) JobProgress: {'identifier': 'car_control', 'progress': 'cmake'}
[0.320109] (car_control) JobProgress: {'identifier': 'car_control', 'progress': 'build'}
[0.320378] (car_control) Command: {'cmd': ['/usr/bin/cmake', '--build', '/home/erk/f1tenth-t3/ros2_ws/build/car_control', '--', '-j12', '-l12'], 'cwd': '/home/erk/f1tenth-t3/ros2_ws/build/car_control', 'env': OrderedDict([('GJS_DEBUG_TOPICS', 'JS ERROR;JS LOG'), ('PYTHON_BASIC_REPL', '1'), ('USER', 'erk'), ('XDG_SESSION_TYPE', 'wayland'), ('GIT_ASKPASS', '/usr/share/code/resources/app/extensions/git/dist/askpass.sh'), ('ROS_PACKAGE_PATH', '/home/erk/f1tenth-t3/ros2_ws/install/drive_msgs/share'), ('SHLVL', '1'), ('LD_LIBRARY_PATH', '/home/erk/f1tenth-t3/ros2_ws/install/drive_msgs/lib:/opt/ros/humble/opt/rviz_ogre_vendor/lib:/opt/ros/humble/lib/x86_64-linux-gnu:/opt/ros/humble/lib'), ('HOME', '/home/erk'), ('OLDPWD', '/home/erk/f1tenth-t3/ros2_ws/src'), ('CHROME_DESKTOP', 'code.desktop'), ('DESKTOP_SESSION', 'ubuntu'), ('TERM_PROGRAM_VERSION', '1.108.2'), ('GIO_LAUNCHED_DESKTOP_FILE', '/usr/share/applications/code.desktop'), ('GTK_MODULES', 'gail:atk-bridge'), ('GNOME_SHELL_SESSION_MODE', 'ubuntu'), ('ROS_PYTHON_VERSION', '3'), ('VSCODE_GIT_ASKPASS_MAIN', '/usr/share/code/resources/app/extensions/git/dist/askpass-main.js'), ('MANAGERPID', '1719'), ('VSCODE_GIT_ASKPASS_NODE', '/usr/share/code/code'), ('SYSTEMD_EXEC_PID', '1877'), ('DBUS_SESSION_BUS_ADDRESS', 'unix:path=/run/user/1000/bus'), ('GIO_LAUNCHED_DESKTOP_FILE_PID', '2361'), ('COLORTERM', 'truecolor'), ('WAYLAND_DISPLAY', 'wayland-0'), ('ROS_DISTRO', 'humble'), ('LOGNAME', 'erk'), ('_', '/usr/bin/colcon'), ('JOURNAL_STREAM', '8:9095'), ('XDG_SESSION_CLASS', 'user'), ('ROS_VERSION', '2'), ('PKG_CONFIG_PATH', '/home/erk/f1tenth-t3/ros2_ws/install/drive_msgs/lib/x86_64-linux-gnu/pkgconfig:/home/erk/f1tenth-t3/ros2_ws/install/drive_msgs/lib/pkgconfig'), ('USERNAME', 'erk'), ('TERM', 'xterm-256color'), ('GNOME_DESKTOP_SESSION_ID', 'this-is-deprecated'), ('FC_FONTATIONS', '1'), ('ROS_LOCALHOST_ONLY', '0'), ('PATH', '/home/erk/.config/Code/User/globalStorage/github.copilot-chat/debugCommand:/home/erk/.config/Code/User/globalStorage/github.copilot-chat/copilotCli:/opt/ros/humble/bin:/usr/local/sbin:/usr/local/bin:/usr/sbin:/usr/bin:/sbin:/bin:/usr/games:/usr/local/games:/snap/bin:/snap/bin'), ('SESSION_MANAGER', 'local/erk-MS-7B48:@/tmp/.ICE-unix/1847,unix/erk-MS-7B48:/tmp/.ICE-unix/1847'), ('INVOCATION_ID', 'f1b9c46615314e2888acd9854756d9b8'), ('XDG_RUNTIME_DIR', '/run/user/1000'), ('XDG_MENU_PREFIX', 'gnome-'), ('GNOME_SETUP_DISPLAY', ':1'), ('GDK_BACKEND', 'wayland'), ('DISPLAY', ':0'), ('LANG', 'en_US.UTF-8'), ('XDG_CURRENT_DESKTOP', 'ubuntu:GNOME'), ('PYTHONSTARTUP', '/home/erk/.config/Code/User/workspaceStorage/87fcc16e888c6779676760a81974a69f/ms-python.python/pythonrc.py'), ('XDG_SESSION_DESKTOP', 'ubuntu'), ('XMODIFIERS', '@im=ibus'), ('XAUTHORITY', '/run/user/1000/.mutter-Xwaylandauth.2252J3'), ('TERM_PROGRAM', 'vscode'), ('VSCODE_GIT_IPC_HANDLE', '/run/user/1000/vscode-git-e10640947c.sock'), ('SSH_AGENT_LAUNCHER', 'gnome-keyring'), ('SSH_AUTH_SOCK', '/run/user/1000/keyring/ssh'), ('AMENT_PREFIX_PATH', '/opt/ros/humble'), ('SHELL', '/usr/bin/zsh'), ('QT_ACCESSIBILITY', '1'), ('GDMSESSION', 'ubuntu'), ('GJS_DEBUG_OUTPUT', 'stderr'), ('QT_IM_MODULE', 'ibus'), ('VSCODE_GIT_ASKPASS_EXTRA_ARGS', ''), ('VSCODE_NONCE', 'f794760c-c270-4d37-8b9e-e1b2e67b7cca'), ('PWD', '/home/erk/f1tenth-t3/ros2_ws/build/car_control'), ('XDG_DATA_DIRS', '/usr/local/share/:/usr/share/:/var/lib/snapd/desktop'), ('PYTHONPATH', '/home/erk/f1tenth-t3/ros2_ws/install/drive_msgs/local/lib/python3.10/dist-packages:/opt/ros/humble/lib/python3.10/site-packages:/opt/ros/humble/local/lib/python3.10/dist-packages'), ('COLCON', '1'), ('CMAKE_PREFIX_PATH', '/home/erk/f1tenth-t3/ros2_ws/install/drive_msgs')]), 'shell': False}
[0.354983] (car_control) StdoutLine: {'line': b'[ 60%] \x1b[32mBuilding CXX object CMakeFiles/drive_parameters_multiplexer.dir/src/drive_parameters_multiplexer.cpp.o\x1b[0m\n'}
[0.355161] (car_control) StdoutLine: {'line': b'[ 60%] \x1b[32mBuilding CXX object CMakeFiles/drive_parameters_multiplexer.dir/src/drive_parameters_source.cpp.o\x1b[0m\n'}
[0.355266] (car_control) StdoutLine: {'line': b'[ 60%] \x1b[32mBuilding CXX object CMakeFiles/car_controller.dir/src/car_controller.cpp.o\x1b[0m\n'}
[0.399948] (-) TimerEvent: {}
[0.500127] (-) TimerEvent: {}
[0.600321] (-) TimerEvent: {}
[0.700554] (-) TimerEvent: {}
[0.776248] (wallfollowing2) Command: {'cmd': ['/usr/bin/python3', '-W', 'ignore:setup.py install is deprecated', '-W', 'ignore:easy_install command is deprecated', 'setup.py', 'egg_info', '--egg-base', '../../build/wallfollowing2', 'build', '--build-base', '/home/erk/f1tenth-t3/ros2_ws/build/wallfollowing2/build', 'install', '--record', '/home/erk/f1tenth-t3/ros2_ws/build/wallfollowing2/install.log', '--single-version-externally-managed', 'install_data'], 'cwd': '/home/erk/f1tenth-t3/ros2_ws/src/wallfollowing2', 'env': {'GJS_DEBUG_TOPICS': 'JS ERROR;JS LOG', 'PYTHON_BASIC_REPL': '1', 'USER': 'erk', 'XDG_SESSION_TYPE': 'wayland', 'GIT_ASKPASS': '/usr/share/code/resources/app/extensions/git/dist/askpass.sh', 'ROS_PACKAGE_PATH': '/home/erk/f1tenth-t3/ros2_ws/install/drive_msgs/share', 'SHLVL': '1', 'LD_LIBRARY_PATH': '/home/erk/f1tenth-t3/ros2_ws/install/drive_msgs/lib:/opt/ros/humble/opt/rviz_ogre_vendor/lib:/opt/ros/humble/lib/x86_64-linux-gnu:/opt/ros/humble/lib', 'HOME': '/home/erk', 'OLDPWD': '/home/erk/f1tenth-t3/ros2_ws/src', 'CHROME_DESKTOP': 'code.desktop', 'DESKTOP_SESSION': 'ubuntu', 'TERM_PROGRAM_VERSION': '1.108.2', 'GIO_LAUNCHED_DESKTOP_FILE': '/usr/share/applications/code.desktop', 'GTK_MODULES': 'gail:atk-bridge', 'GNOME_SHELL_SESSION_MODE': 'ubuntu', 'ROS_PYTHON_VERSION': '3', 'VSCODE_GIT_ASKPASS_MAIN': '/usr/share/code/resources/app/extensions/git/dist/askpass-main.js', 'MANAGERPID': '1719', 'VSCODE_GIT_ASKPASS_NODE': '/usr/share/code/code', 'SYSTEMD_EXEC_PID': '1877', 'DBUS_SESSION_BUS_ADDRESS': 'unix:path=/run/user/1000/bus', 'GIO_LAUNCHED_DESKTOP_FILE_PID': '2361', 'COLORTERM': 'truecolor', 'WAYLAND_DISPLAY': 'wayland-0', 'ROS_DISTRO': 'humble', 'LOGNAME': 'erk', '_': '/usr/bin/colcon', 'JOURNAL_STREAM': '8:9095', 'XDG_SESSION_CLASS': 'user', 'ROS_VERSION': '2', 'PKG_CONFIG_PATH': '/home/erk/f1tenth-t3/ros2_ws/install/drive_msgs/lib/x86_64-linux-gnu/pkgconfig:/home/erk/f1tenth-t3/ros2_ws/install/drive_msgs/lib/pkgconfig', 'USERNAME': 'erk', 'TERM': 'xterm-256color', 'GNOME_DESKTOP_SESSION_ID': 'this-is-deprecated', 'FC_FONTATIONS': '1', 'ROS_LOCALHOST_ONLY': '0', 'PATH': '/home/erk/.config/Code/User/globalStorage/github.copilot-chat/debugCommand:/home/erk/.config/Code/User/globalStorage/github.copilot-chat/copilotCli:/opt/ros/humble/bin:/usr/local/sbin:/usr/local/bin:/usr/sbin:/usr/bin:/sbin:/bin:/usr/games:/usr/local/games:/snap/bin:/snap/bin', 'SESSION_MANAGER': 'local/erk-MS-7B48:@/tmp/.ICE-unix/1847,unix/erk-MS-7B48:/tmp/.ICE-unix/1847', 'INVOCATION_ID': 'f1b9c46615314e2888acd9854756d9b8', 'XDG_RUNTIME_DIR': '/run/user/1000', 'XDG_MENU_PREFIX': 'gnome-', 'GNOME_SETUP_DISPLAY': ':1', 'GDK_BACKEND': 'wayland', 'DISPLAY': ':0', 'LANG': 'en_US.UTF-8', 'XDG_CURRENT_DESKTOP': 'ubuntu:GNOME', 'PYTHONSTARTUP': '/home/erk/.config/Code/User/workspaceStorage/87fcc16e888c6779676760a81974a69f/ms-python.python/pythonrc.py', 'XDG_SESSION_DESKTOP': 'ubuntu', 'XMODIFIERS': '@im=ibus', 'XAUTHORITY': '/run/user/1000/.mutter-Xwaylandauth.2252J3', 'TERM_PROGRAM': 'vscode', 'VSCODE_GIT_IPC_HANDLE': '/run/user/1000/vscode-git-e10640947c.sock', 'SSH_AGENT_LAUNCHER': 'gnome-keyring', 'SSH_AUTH_SOCK': '/run/user/1000/keyring/ssh', 'AMENT_PREFIX_PATH': '/opt/ros/humble', 'SHELL': '/usr/bin/zsh', 'QT_ACCESSIBILITY': '1', 'GDMSESSION': 'ubuntu', 'GJS_DEBUG_OUTPUT': 'stderr', 'QT_IM_MODULE': 'ibus', 'VSCODE_GIT_ASKPASS_EXTRA_ARGS': '', 'VSCODE_NONCE': 'f794760c-c270-4d37-8b9e-e1b2e67b7cca', 'PWD': '/home/erk/f1tenth-t3/ros2_ws/build/wallfollowing2', 'XDG_DATA_DIRS': '/usr/local/share/:/usr/share/:/var/lib/snapd/desktop', 'PYTHONPATH': '/home/erk/f1tenth-t3/ros2_ws/build/wallfollowing2/prefix_override:/usr/lib/python3/dist-packages/colcon_core/task/python/colcon_distutils_commands:/home/erk/f1tenth-t3/ros2_ws/install/wallfollowing2/lib/python3.10/site-packages:/home/erk/f1tenth-t3/ros2_ws/install/drive_msgs/local/lib/python3.10/dist-packages:/opt/ros/humble/lib/python3.10/site-packages:/opt/ros/humble/local/lib/python3.10/dist-packages', 'COLCON': '1', 'CMAKE_PREFIX_PATH': '/home/erk/f1tenth-t3/ros2_ws/install/drive_msgs'}, 'shell': False}
[0.800641] (-) TimerEvent: {}
[0.900871] (-) TimerEvent: {}
[0.951806] (wallfollowing2) StdoutLine: {'line': b'running egg_info\n'}
[0.952334] (wallfollowing2) StdoutLine: {'line': b'creating ../../build/wallfollowing2/wallfollowing2.egg-info\n'}
[0.952479] (wallfollowing2) StdoutLine: {'line': b'writing ../../build/wallfollowing2/wallfollowing2.egg-info/PKG-INFO\n'}
[0.952602] (wallfollowing2) StdoutLine: {'line': b'writing dependency_links to ../../build/wallfollowing2/wallfollowing2.egg-info/dependency_links.txt\n'}
[0.952713] (wallfollowing2) StdoutLine: {'line': b'writing entry points to ../../build/wallfollowing2/wallfollowing2.egg-info/entry_points.txt\n'}
[0.952831] (wallfollowing2) StdoutLine: {'line': b'writing requirements to ../../build/wallfollowing2/wallfollowing2.egg-info/requires.txt\n'}
[0.952946] (wallfollowing2) StdoutLine: {'line': b'writing top-level names to ../../build/wallfollowing2/wallfollowing2.egg-info/top_level.txt\n'}
[0.953031] (wallfollowing2) StdoutLine: {'line': b"writing manifest file '../../build/wallfollowing2/wallfollowing2.egg-info/SOURCES.txt'\n"}
[0.954005] (wallfollowing2) StdoutLine: {'line': b"reading manifest file '../../build/wallfollowing2/wallfollowing2.egg-info/SOURCES.txt'\n"}
[0.954495] (wallfollowing2) StdoutLine: {'line': b"writing manifest file '../../build/wallfollowing2/wallfollowing2.egg-info/SOURCES.txt'\n"}
[0.954632] (wallfollowing2) StdoutLine: {'line': b'running build\n'}
[0.954721] (wallfollowing2) StdoutLine: {'line': b'running build_py\n'}
[0.954849] (wallfollowing2) StdoutLine: {'line': b'creating /home/erk/f1tenth-t3/ros2_ws/build/wallfollowing2/build\n'}
[0.954955] (wallfollowing2) StdoutLine: {'line': b'creating /home/erk/f1tenth-t3/ros2_ws/build/wallfollowing2/build/lib\n'}
[0.955067] (wallfollowing2) StdoutLine: {'line': b'creating /home/erk/f1tenth-t3/ros2_ws/build/wallfollowing2/build/lib/wallfollowing2\n'}
[0.955151] (wallfollowing2) StdoutLine: {'line': b'copying wallfollowing2/__init__.py -> /home/erk/f1tenth-t3/ros2_ws/build/wallfollowing2/build/lib/wallfollowing2\n'}
[0.955248] (wallfollowing2) StdoutLine: {'line': b'copying wallfollowing2/circle.py -> /home/erk/f1tenth-t3/ros2_ws/build/wallfollowing2/build/lib/wallfollowing2\n'}
[0.955329] (wallfollowing2) StdoutLine: {'line': b'copying wallfollowing2/wallfollowing_node.py -> /home/erk/f1tenth-t3/ros2_ws/build/wallfollowing2/build/lib/wallfollowing2\n'}
[0.955419] (wallfollowing2) StdoutLine: {'line': b'copying wallfollowing2/rviz_geometry.py -> /home/erk/f1tenth-t3/ros2_ws/build/wallfollowing2/build/lib/wallfollowing2\n'}
[0.955503] (wallfollowing2) StdoutLine: {'line': b'running install\n'}
[0.955580] (wallfollowing2) StdoutLine: {'line': b'running install_lib\n'}
[0.955914] (wallfollowing2) StdoutLine: {'line': b'creating /home/erk/f1tenth-t3/ros2_ws/install/wallfollowing2/lib/python3.10/site-packages/wallfollowing2\n'}
[0.956035] (wallfollowing2) StdoutLine: {'line': b'copying /home/erk/f1tenth-t3/ros2_ws/build/wallfollowing2/build/lib/wallfollowing2/__init__.py -> /home/erk/f1tenth-t3/ros2_ws/install/wallfollowing2/lib/python3.10/site-packages/wallfollowing2\n'}
[0.956154] (wallfollowing2) StdoutLine: {'line': b'copying /home/erk/f1tenth-t3/ros2_ws/build/wallfollowing2/build/lib/wallfollowing2/circle.py -> /home/erk/f1tenth-t3/ros2_ws/install/wallfollowing2/lib/python3.10/site-packages/wallfollowing2\n'}
[0.956248] (wallfollowing2) StdoutLine: {'line': b'copying /home/erk/f1tenth-t3/ros2_ws/build/wallfollowing2/build/lib/wallfollowing2/wallfollowing_node.py -> /home/erk/f1tenth-t3/ros2_ws/install/wallfollowing2/lib/python3.10/site-packages/wallfollowing2\n'}
[0.956334] (wallfollowing2) StdoutLine: {'line': b'copying /home/erk/f1tenth-t3/ros2_ws/build/wallfollowing2/build/lib/wallfollowing2/rviz_geometry.py -> /home/erk/f1tenth-t3/ros2_ws/install/wallfollowing2/lib/python3.10/site-packages/wallfollowing2\n'}
[0.956516] (wallfollowing2) StdoutLine: {'line': b'byte-compiling /home/erk/f1tenth-t3/ros2_ws/install/wallfollowing2/lib/python3.10/site-packages/wallfollowing2/__init__.py to __init__.cpython-310.pyc\n'}
[0.956672] (wallfollowing2) StdoutLine: {'line': b'byte-compiling /home/erk/f1tenth-t3/ros2_ws/install/wallfollowing2/lib/python3.10/site-packages/wallfollowing2/circle.py to circle.cpython-310.pyc\n'}
[0.957028] (wallfollowing2) StdoutLine: {'line': b'byte-compiling /home/erk/f1tenth-t3/ros2_ws/install/wallfollowing2/lib/python3.10/site-packages/wallfollowing2/wallfollowing_node.py to wallfollowing_node.cpython-310.pyc\n'}
[0.958448] (wallfollowing2) StdoutLine: {'line': b'byte-compiling /home/erk/f1tenth-t3/ros2_ws/install/wallfollowing2/lib/python3.10/site-packages/wallfollowing2/rviz_geometry.py to rviz_geometry.cpython-310.pyc\n'}
[0.958837] (wallfollowing2) StdoutLine: {'line': b'running install_data\n'}
[0.958953] (wallfollowing2) StdoutLine: {'line': b'creating /home/erk/f1tenth-t3/ros2_ws/install/wallfollowing2/share/ament_index\n'}
[0.959064] (wallfollowing2) StdoutLine: {'line': b'creating /home/erk/f1tenth-t3/ros2_ws/install/wallfollowing2/share/ament_index/resource_index\n'}
[0.959173] (wallfollowing2) StdoutLine: {'line': b'creating /home/erk/f1tenth-t3/ros2_ws/install/wallfollowing2/share/ament_index/resource_index/packages\n'}
[0.959249] (wallfollowing2) StdoutLine: {'line': b'copying resource/wallfollowing2 -> /home/erk/f1tenth-t3/ros2_ws/install/wallfollowing2/share/ament_index/resource_index/packages\n'}
[0.959322] (wallfollowing2) StdoutLine: {'line': b'copying package.xml -> /home/erk/f1tenth-t3/ros2_ws/install/wallfollowing2/share/wallfollowing2\n'}
[0.959406] (wallfollowing2) StdoutLine: {'line': b'running install_egg_info\n'}
[0.960356] (wallfollowing2) StdoutLine: {'line': b'Copying ../../build/wallfollowing2/wallfollowing2.egg-info to /home/erk/f1tenth-t3/ros2_ws/install/wallfollowing2/lib/python3.10/site-packages/wallfollowing2-0.1.0-py3.10.egg-info\n'}
[0.960958] (wallfollowing2) StdoutLine: {'line': b'running install_scripts\n'}
[0.975741] (wallfollowing2) StdoutLine: {'line': b'Installing wallfollowing_node script to /home/erk/f1tenth-t3/ros2_ws/install/wallfollowing2/lib/wallfollowing2\n'}
[0.976002] (wallfollowing2) StdoutLine: {'line': b"writing list of installed files to '/home/erk/f1tenth-t3/ros2_ws/build/wallfollowing2/install.log'\n"}
[0.993134] (wallfollowing2) CommandEnded: {'returncode': 0}
[0.998842] (wallfollowing2) JobEnded: {'identifier': 'wallfollowing2', 'rc': 0}
[1.000932] (-) TimerEvent: {}
[1.101132] (-) TimerEvent: {}
[1.201364] (-) TimerEvent: {}
[1.301600] (-) TimerEvent: {}
[1.401826] (-) TimerEvent: {}
[1.502063] (-) TimerEvent: {}
[1.602292] (-) TimerEvent: {}
[1.702521] (-) TimerEvent: {}
[1.802767] (-) TimerEvent: {}
[1.902955] (-) TimerEvent: {}
[2.003202] (-) TimerEvent: {}
[2.103452] (-) TimerEvent: {}
[2.182127] (car_control) StderrLine: {'line': b'\x1b[01m\x1b[K/home/erk/f1tenth-t3/ros2_ws/src/car_control/src/car_controller.cpp:\x1b[m\x1b[K In constructor \xe2\x80\x98\x1b[01m\x1b[KCarController::CarController()\x1b[m\x1b[K\xe2\x80\x99:\n'}
[2.182295] (car_control) StderrLine: {'line': b'\x1b[01m\x1b[K/home/erk/f1tenth-t3/ros2_ws/src/car_control/src/car_controller.cpp:19:9:\x1b[m\x1b[K \x1b[01;31m\x1b[Kerror: \x1b[m\x1b[K\xe2\x80\x98\x1b[01m\x1b[KTOPIC_DRIVE_PARAM\x1b[m\x1b[K\xe2\x80\x99 was not declared in this scope; did you mean \xe2\x80\x98\x1b[01m\x1b[KTOPIC_DRIVE_MODE\x1b[m\x1b[K\xe2\x80\x99?\n'}
[2.182382] (car_control) StderrLine: {'line': b'   19 |         \x1b[01;31m\x1b[KTOPIC_DRIVE_PARAM\x1b[m\x1b[K,\n'}
[2.182456] (car_control) StderrLine: {'line': b'      |         \x1b[01;31m\x1b[K^~~~~~~~~~~~~~~~~\x1b[m\x1b[K\n'}
[2.182533] (car_control) StderrLine: {'line': b'      |         \x1b[32m\x1b[KTOPIC_DRIVE_MODE\x1b[m\x1b[K\n'}
[2.203543] (-) TimerEvent: {}
[2.303782] (-) TimerEvent: {}
[2.404031] (-) TimerEvent: {}
[2.504244] (-) TimerEvent: {}
[2.604466] (-) TimerEvent: {}
[2.704688] (-) TimerEvent: {}
[2.804913] (-) TimerEvent: {}
[2.905132] (-) TimerEvent: {}
[3.005344] (-) TimerEvent: {}
[3.105567] (-) TimerEvent: {}
[3.205809] (-) TimerEvent: {}
[3.306051] (-) TimerEvent: {}
[3.406276] (-) TimerEvent: {}
[3.506497] (-) TimerEvent: {}
[3.606712] (-) TimerEvent: {}
[3.706932] (-) TimerEvent: {}
[3.807152] (-) TimerEvent: {}
[3.907371] (-) TimerEvent: {}
[4.007587] (-) TimerEvent: {}
[4.107801] (-) TimerEvent: {}
[4.208021] (-) TimerEvent: {}
[4.308234] (-) TimerEvent: {}
[4.408446] (-) TimerEvent: {}
[4.508660] (-) TimerEvent: {}
[4.608869] (-) TimerEvent: {}
[4.639051] (car_control) StderrLine: {'line': b'gmake[2]: *** [CMakeFiles/car_controller.dir/build.make:76: CMakeFiles/car_controller.dir/src/car_controller.cpp.o] Error 1\n'}
[4.639219] (car_control) StderrLine: {'line': b'gmake[1]: *** [CMakeFiles/Makefile2:165: CMakeFiles/car_controller.dir/all] Error 2\n'}
[4.639283] (car_control) StderrLine: {'line': b'gmake[1]: *** Waiting for unfinished jobs....\n'}
[4.708966] (-) TimerEvent: {}
[4.809179] (-) TimerEvent: {}
[4.910406] (-) TimerEvent: {}
[5.010612] (-) TimerEvent: {}
[5.110798] (-) TimerEvent: {}
[5.210999] (-) TimerEvent: {}
[5.311182] (-) TimerEvent: {}
[5.411370] (-) TimerEvent: {}
[5.511576] (-) TimerEvent: {}
[5.611777] (-) TimerEvent: {}
[5.711981] (-) TimerEvent: {}
[5.812182] (-) TimerEvent: {}
[5.912391] (-) TimerEvent: {}
[6.012604] (-) TimerEvent: {}
[6.112827] (-) TimerEvent: {}
[6.213045] (-) TimerEvent: {}
[6.313280] (-) TimerEvent: {}
[6.381468] (car_control) StdoutLine: {'line': b'[ 80%] \x1b[32m\x1b[1mLinking CXX executable drive_parameters_multiplexer\x1b[0m\n'}
[6.413381] (-) TimerEvent: {}
[6.513583] (-) TimerEvent: {}
[6.613831] (-) TimerEvent: {}
[6.714091] (-) TimerEvent: {}
[6.790517] (car_control) StdoutLine: {'line': b'[ 80%] Built target drive_parameters_multiplexer\n'}
[6.791257] (car_control) StderrLine: {'line': b'gmake: *** [Makefile:146: all] Error 2\n'}
[6.792576] (car_control) CommandEnded: {'returncode': 2}
[6.799802] (car_control) JobEnded: {'identifier': 'car_control', 'rc': 2}
[6.811521] (racer_bringup) JobSkipped: {'identifier': 'racer_bringup'}
[6.811616] (-) EventReactorShutdown: {}
